<?xml version="1.0" encoding="UTF-8"?>
<testng-results skipped="0" failed="0" ignored="0" total="1" passed="1">
  <reporter-output>
  </reporter-output>
  <suite name="Default suite" duration-ms="22538" started-at="2017-03-09T11:45:15Z" finished-at="2017-03-09T11:45:38Z">
    <groups>
    </groups>
    <test name="Default test" duration-ms="22538" started-at="2017-03-09T11:45:15Z" finished-at="2017-03-09T11:45:38Z">
      <class name="Extent_listener.omniture.track_omni">
        <test-method status="PASS" signature="tracking_test()[pri:0, instance:Extent_listener.omniture.track_omni@e25b2fe]" name="tracking_test" duration-ms="22521" started-at="2017-03-09T17:15:15Z" finished-at="2017-03-09T17:15:38Z">
          <reporter-output>
          </reporter-output>
        </test-method> <!-- tracking_test -->
      </class> <!-- Extent_listener.omniture.track_omni -->
    </test> <!-- Default test -->
  </suite> <!-- Default suite -->
</testng-results>
