<?xml version="1.0" encoding="UTF-8"?>
<testng-results skipped="0" failed="0" ignored="0" total="1" passed="1">
  <reporter-output>
  </reporter-output>
  <suite name="Default suite" duration-ms="22229" started-at="2017-03-09T12:42:38Z" finished-at="2017-03-09T12:43:00Z">
    <groups>
    </groups>
    <test name="Default test" duration-ms="22229" started-at="2017-03-09T12:42:38Z" finished-at="2017-03-09T12:43:00Z">
      <class name="Extent_listener.omniture.track_omni">
        <test-method status="PASS" signature="tracking_test()[pri:0, instance:Extent_listener.omniture.track_omni@e25b2fe]" name="tracking_test" duration-ms="22207" started-at="2017-03-09T18:12:38Z" finished-at="2017-03-09T18:13:00Z">
          <reporter-output>
          </reporter-output>
        </test-method> <!-- tracking_test -->
      </class> <!-- Extent_listener.omniture.track_omni -->
    </test> <!-- Default test -->
  </suite> <!-- Default suite -->
</testng-results>
